<?xml version="1.0" encoding="UTF-8"?>
<!-- Generated by org.testng.reporters.JUnitReportReporter -->
<testsuite hostname="Lenovo-PC" name="com.app.AutoTest.TestDemo" tests="1" failures="0" timestamp="2 Apr 2020 02:56:52 GMT" time="0.006" errors="0">
  <testcase name="f" time="0.006" classname="com.app.AutoTest.TestDemo"/>
</testsuite> <!-- com.app.AutoTest.TestDemo -->
